{
  "RSpec": {
    "coverage": {
      "/Users/jmilam/Desktop/rails/chicken_order/config/environment.rb": [
        null,
        1,
        null,
        null,
        1
      ],
      "/Users/jmilam/Desktop/rails/chicken_order/config/application.rb": [
        1,
        null,
        1,
        null,
        null,
        null,
        1,
        null,
        1,
        1,
        null,
        1,
        null,
        null,
        null,
        1,
        1,
        1,
        null,
        null,
        null,
        null,
        null,
        null,
        null,
        null,
        null,
        null
      ],
      "/Users/jmilam/Desktop/rails/chicken_order/config/boot.rb": [
        1,
        null,
        1
      ],
      "/Users/jmilam/Desktop/rails/chicken_order/config/environments/test.rb": [
        1,
        null,
        null,
        null,
        null,
        null,
        null,
        1,
        null,
        null,
        null,
        null,
        1,
        null,
        null,
        1,
        1,
        null,
        null,
        null,
        null,
        1,
        1,
        null,
        null,
        1,
        null,
        null,
        1,
        1,
        null,
        null,
        null,
        null,
        1,
        null,
        null,
        1,
        null,
        null,
        null,
        null
      ],
      "/Users/jmilam/Desktop/rails/chicken_order/config/initializers/application_controller_renderer.rb": [
        null,
        null,
        null,
        null,
        null,
        null,
        null,
        null
      ],
      "/Users/jmilam/Desktop/rails/chicken_order/config/initializers/assets.rb": [
        null,
        null,
        null,
        1,
        null,
        null,
        null,
        null,
        1,
        null,
        null,
        null,
        null,
        null
      ],
      "/Users/jmilam/Desktop/rails/chicken_order/config/initializers/backtrace_silencers.rb": [
        null,
        null,
        null,
        null,
        null,
        null,
        null
      ],
      "/Users/jmilam/Desktop/rails/chicken_order/config/initializers/cookies_serializer.rb": [
        null,
        null,
        null,
        null,
        1
      ],
      "/Users/jmilam/Desktop/rails/chicken_order/config/initializers/filter_parameter_logging.rb": [
        null,
        null,
        null,
        1
      ],
      "/Users/jmilam/Desktop/rails/chicken_order/config/initializers/inflections.rb": [
        null,
        null,
        null,
        null,
        null,
        null,
        null,
        null,
        null,
        null,
        null,
        null,
        null,
        null,
        null,
        null
      ],
      "/Users/jmilam/Desktop/rails/chicken_order/config/initializers/mime_types.rb": [
        null,
        null,
        null,
        null
      ],
      "/Users/jmilam/Desktop/rails/chicken_order/config/initializers/wrap_parameters.rb": [
        null,
        null,
        null,
        null,
        null,
        null,
        1,
        2,
        null,
        null,
        null,
        null,
        null,
        null
      ],
      "/Users/jmilam/Desktop/rails/chicken_order/spec/factories/farm.rb": [
        1,
        1,
        9,
        9,
        9,
        9,
        9,
        9,
        9,
        9,
        9,
        null,
        null
      ],
      "/Users/jmilam/Desktop/rails/chicken_order/spec/factories/order.rb": [
        1,
        1,
        1,
        1,
        5,
        5,
        null,
        null
      ],
      "/Users/jmilam/Desktop/rails/chicken_order/spec/factories/pickup_location.rb": [
        1,
        1,
        5,
        null,
        null
      ],
      "/Users/jmilam/Desktop/rails/chicken_order/spec/factories/user.rb": [
        1,
        1,
        5,
        5,
        5,
        null,
        null
      ],
      "/Users/jmilam/Desktop/rails/chicken_order/config/routes.rb": [
        1,
        1,
        null,
        1,
        1,
        null,
        1,
        1,
        1,
        1,
        1,
        1,
        1,
        1,
        1,
        null,
        1,
        null,
        null,
        null
      ],
      "/Users/jmilam/Desktop/rails/chicken_order/app/helpers/application_helper.rb": [
        1,
        null
      ],
      "/Users/jmilam/Desktop/rails/chicken_order/app/helpers/farm_helper.rb": [
        1,
        null
      ],
      "/Users/jmilam/Desktop/rails/chicken_order/app/helpers/order_helper.rb": [
        1,
        null
      ],
      "/Users/jmilam/Desktop/rails/chicken_order/spec/features/order_show_spec.rb": [
        1,
        null,
        1,
        3,
        1,
        2,
        null,
        null,
        1,
        1,
        1,
        null,
        1,
        1,
        null,
        null,
        null,
        1,
        1,
        1,
        null,
        1,
        1,
        null,
        null,
        null
      ],
      "/Users/jmilam/Desktop/rails/chicken_order/spec/helpers/farm_helper_spec.rb": [
        1,
        null,
        null,
        null,
        null,
        null,
        null,
        null,
        null,
        null,
        null,
        null,
        1,
        1,
        null
      ],
      "/Users/jmilam/Desktop/rails/chicken_order/spec/mailers/order_mailer_spec.rb": [
        1,
        null,
        1,
        1,
        null
      ],
      "/Users/jmilam/Desktop/rails/chicken_order/app/mailers/order_mailer.rb": [
        1,
        1,
        1,
        1,
        1,
        1,
        null,
        null,
        1,
        0,
        0,
        0,
        0,
        null,
        null
      ],
      "/Users/jmilam/Desktop/rails/chicken_order/app/mailers/application_mailer.rb": [
        1,
        1,
        1,
        null
      ],
      "/Users/jmilam/Desktop/rails/chicken_order/spec/models/farm_spec.rb": [
        1,
        null,
        1,
        1,
        null
      ],
      "/Users/jmilam/Desktop/rails/chicken_order/app/models/farm.rb": [
        1,
        1,
        null,
        1,
        null,
        1,
        3,
        3,
        3,
        null,
        null
      ],
      "/Users/jmilam/Desktop/rails/chicken_order/app/models/application_record.rb": [
        1,
        1,
        null
      ],
      "/Users/jmilam/Desktop/rails/chicken_order/spec/views/farm/edit.html.erb_spec.rb": [
        1,
        null,
        1,
        1,
        null
      ],
      "/Users/jmilam/Desktop/rails/chicken_order/spec/views/farm/index.html.erb_spec.rb": [
        1,
        null,
        1,
        1,
        null
      ],
      "/Users/jmilam/Desktop/rails/chicken_order/app/controllers/order_controller.rb": [
        1,
        1,
        null,
        1,
        12,
        12,
        12,
        null,
        null,
        1,
        3,
        null,
        3,
        3,
        3,
        null,
        3,
        3,
        3,
        1,
        1,
        1,
        1,
        null,
        2,
        2,
        3,
        null,
        2,
        2,
        null,
        null,
        null,
        null,
        1,
        4,
        null,
        null,
        1,
        1,
        1,
        1,
        1,
        1,
        null,
        null,
        null,
        1,
        1,
        1,
        null,
        null,
        1,
        4,
        4,
        null,
        null,
        1,
        1,
        1,
        null,
        null,
        1,
        3,
        null,
        3,
        null,
        null,
        1,
        1,
        1,
        1,
        null,
        0,
        null,
        1,
        null,
        null,
        1,
        null,
        1,
        3,
        null,
        null,
        1,
        3,
        null,
        null
      ],
      "/Users/jmilam/Desktop/rails/chicken_order/app/controllers/application_controller.rb": [
        1,
        1,
        null
      ],
      "/Users/jmilam/Desktop/rails/chicken_order/app/models/pickup_location.rb": [
        1,
        null
      ],
      "/Users/jmilam/Desktop/rails/chicken_order/app/models/order.rb": [
        1,
        1,
        1,
        1,
        1,
        null,
        1,
        null,
        1,
        3,
        0,
        3,
        0,
        null,
        3,
        null,
        null,
        null,
        1,
        6,
        null,
        null,
        1,
        14,
        14,
        14,
        null,
        null,
        1,
        2,
        2,
        2,
        null,
        0,
        null,
        null,
        2,
        null,
        null,
        null
      ],
      "/Users/jmilam/Desktop/rails/chicken_order/app/models/user.rb": [
        1,
        1,
        1,
        1,
        null
      ]
    },
    "timestamp": 1553619173
  }
}
